root - ERROR - Unable to create client: First Name must not be empty.


root - ERROR - Unable to create account: could not convert string to float: 'ten'


root - ERROR - Unable to create account: not enough values to unpack (expected 3, got 1)


root - ERROR - Unable to create account: Not a valid account type.


root - ERROR - Bank Account: 20100 contains invalid Client Number: 9999


root - ERROR - Unable to create client: First Name must not be empty.


root - ERROR - Unable to create account: could not convert string to float: 'ten'


root - ERROR - Unable to create account: not enough values to unpack (expected 3, got 1)


root - ERROR - Unable to create account: Not a valid account type.


root - ERROR - Bank Account: 20100 contains invalid Client Number: 9999


root - ERROR - Unable to create client: First Name must not be empty.


root - ERROR - Unable to create account: could not convert string to float: 'ten'


root - ERROR - Unable to create account: not enough values to unpack (expected 3, got 1)


root - ERROR - Unable to create account: Not a valid account type.


root - ERROR - Bank Account: 20100 contains invalid Client Number: 9999


root - ERROR - Unable to create client: First Name must not be empty.


root - ERROR - Unable to create account: could not convert string to float: 'ten'


root - ERROR - Unable to create account: not enough values to unpack (expected 3, got 1)


root - ERROR - Unable to create account: Not a valid account type.


root - ERROR - Bank Account: 20100 contains invalid Client Number: 9999


root - ERROR - Unable to create client: First Name must not be empty.


root - ERROR - Unable to create account: could not convert string to float: 'ten'


root - ERROR - Unable to create account: not enough values to unpack (expected 3, got 1)


root - ERROR - Unable to create account: Not a valid account type.


root - ERROR - Bank Account: 20100 contains invalid Client Number: 9999


root - ERROR - Unable to create client: First Name must not be empty.


root - ERROR - Unable to create account: could not convert string to float: 'ten'


root - ERROR - Unable to create account: not enough values to unpack (expected 3, got 1)


root - ERROR - Unable to create account: Not a valid account type.


root - ERROR - Bank Account: 20100 contains invalid Client Number: 9999


root - ERROR - Unable to create client: First Name must not be empty.


root - ERROR - Unable to create account: could not convert string to float: 'ten'


root - ERROR - Unable to create account: not enough values to unpack (expected 3, got 1)


root - ERROR - Unable to create account: Not a valid account type.


root - ERROR - Bank Account: 20100 contains invalid Client Number: 9999


root - ERROR - Unable to create client: First Name must not be empty.


root - ERROR - Unable to create account: could not convert string to float: 'ten'


root - ERROR - Unable to create account: not enough values to unpack (expected 3, got 1)


root - ERROR - Unable to create account: Not a valid account type.


root - ERROR - Bank Account: 20100 contains invalid Client Number: 9999


root - ERROR - Unable to create client: First Name must not be empty.


root - ERROR - Unable to create account: could not convert string to float: 'ten'


root - ERROR - Unable to create account: not enough values to unpack (expected 3, got 1)


root - ERROR - Unable to create account: Not a valid account type.


root - ERROR - Bank Account: 20100 contains invalid Client Number: 9999


root - ERROR - Unable to create client: First Name must not be empty.


root - ERROR - Unable to create account: could not convert string to float: 'ten'


root - ERROR - Unable to create account: not enough values to unpack (expected 3, got 1)


root - ERROR - Unable to create account: Not a valid account type.


root - ERROR - Bank Account: 20100 contains invalid Client Number: 9999


root - ERROR - Unable to create client: First Name must not be empty.


root - ERROR - Unable to create account: could not convert string to float: 'ten'


root - ERROR - Unable to create account: not enough values to unpack (expected 3, got 1)


root - ERROR - Unable to create account: Not a valid account type.


root - ERROR - Bank Account: 20100 contains invalid Client Number: 9999


root - ERROR - Unable to create client: First Name must not be empty.


root - ERROR - Unable to create account: could not convert string to float: 'ten'


root - ERROR - Unable to create account: not enough values to unpack (expected 3, got 1)


root - ERROR - Unable to create account: Not a valid account type.


root - ERROR - Bank Account: 20100 contains invalid Client Number: 9999


